This is pdfTeX, Version 3.14159265-2.6-1.40.19 (TeX Live 2018) (preloaded format=pdflatex 2018.11.13)  30 JAN 2019 12:56
entering extended mode
 restricted \write18 enabled.
 %&-line parsing enabled.
**Praktikumsbericht.tex
(./Praktikumsbericht.tex
LaTeX2e <2018-04-01> patch level 5
(/usr/local/texlive/2018/texmf-dist/tex/latex/base/article.cls
Document Class: article 2014/09/29 v1.4h Standard LaTeX document class
(/usr/local/texlive/2018/texmf-dist/tex/latex/base/size11.clo
File: size11.clo 2014/09/29 v1.4h Standard LaTeX file (size option)
)
\c@part=\count80
\c@section=\count81
\c@subsection=\count82
\c@subsubsection=\count83
\c@paragraph=\count84
\c@subparagraph=\count85
\c@figure=\count86
\c@table=\count87
\abovecaptionskip=\skip41
\belowcaptionskip=\skip42
\bibindent=\dimen102
)
(/usr/local/texlive/2018/texmf-dist/tex/latex/preprint/fullpage.sty
Package: fullpage 1999/02/23 1.1 (PWD)
\FP@margin=\skip43
)
(/usr/local/texlive/2018/texmf-dist/tex/latex/mathtools/mathtools.sty
Package: mathtools 2018/01/08 v1.21 mathematical typesetting tools

(/usr/local/texlive/2018/texmf-dist/tex/latex/graphics/keyval.sty
Package: keyval 2014/10/28 v1.15 key=value parser (DPC)
\KV@toks@=\toks14
)
(/usr/local/texlive/2018/texmf-dist/tex/latex/tools/calc.sty
Package: calc 2017/05/25 v4.3 Infix arithmetic (KKT,FJ)
\calc@Acount=\count88
\calc@Bcount=\count89
\calc@Adimen=\dimen103
\calc@Bdimen=\dimen104
\calc@Askip=\skip44
\calc@Bskip=\skip45
LaTeX Info: Redefining \setlength on input line 80.
LaTeX Info: Redefining \addtolength on input line 81.
\calc@Ccount=\count90
\calc@Cskip=\skip46
)
(/usr/local/texlive/2018/texmf-dist/tex/latex/mathtools/mhsetup.sty
Package: mhsetup 2017/03/31 v1.3 programming setup (MH)
)
(/usr/local/texlive/2018/texmf-dist/tex/latex/amsmath/amsmath.sty
Package: amsmath 2017/09/02 v2.17a AMS math features
\@mathmargin=\skip47

For additional information on amsmath, use the `?' option.
(/usr/local/texlive/2018/texmf-dist/tex/latex/amsmath/amstext.sty
Package: amstext 2000/06/29 v2.01 AMS text

(/usr/local/texlive/2018/texmf-dist/tex/latex/amsmath/amsgen.sty
File: amsgen.sty 1999/11/30 v2.0 generic functions
\@emptytoks=\toks15
\ex@=\dimen105
))
(/usr/local/texlive/2018/texmf-dist/tex/latex/amsmath/amsbsy.sty
Package: amsbsy 1999/11/29 v1.2d Bold Symbols
\pmbraise@=\dimen106
)
(/usr/local/texlive/2018/texmf-dist/tex/latex/amsmath/amsopn.sty
Package: amsopn 2016/03/08 v2.02 operator names
)
\inf@bad=\count91
LaTeX Info: Redefining \frac on input line 213.
\uproot@=\count92
\leftroot@=\count93
LaTeX Info: Redefining \overline on input line 375.
\classnum@=\count94
\DOTSCASE@=\count95
LaTeX Info: Redefining \ldots on input line 472.
LaTeX Info: Redefining \dots on input line 475.
LaTeX Info: Redefining \cdots on input line 596.
\Mathstrutbox@=\box26
\strutbox@=\box27
\big@size=\dimen107
LaTeX Font Info:    Redeclaring font encoding OML on input line 712.
LaTeX Font Info:    Redeclaring font encoding OMS on input line 713.
\macc@depth=\count96
\c@MaxMatrixCols=\count97
\dotsspace@=\muskip10
\c@parentequation=\count98
\dspbrk@lvl=\count99
\tag@help=\toks16
\row@=\count100
\column@=\count101
\maxfields@=\count102
\andhelp@=\toks17
\eqnshift@=\dimen108
\alignsep@=\dimen109
\tagshift@=\dimen110
\tagwidth@=\dimen111
\totwidth@=\dimen112
\lineht@=\dimen113
\@envbody=\toks18
\multlinegap=\skip48
\multlinetaggap=\skip49
\mathdisplay@stack=\toks19
LaTeX Info: Redefining \[ on input line 2817.
LaTeX Info: Redefining \] on input line 2818.
)
LaTeX Info: Thecontrolsequence`\('isalreadyrobust on input line 129.
LaTeX Info: Thecontrolsequence`\)'isalreadyrobust on input line 129.
LaTeX Info: Thecontrolsequence`\['isalreadyrobust on input line 129.
LaTeX Info: Thecontrolsequence`\]'isalreadyrobust on input line 129.
\g_MT_multlinerow_int=\count103
\l_MT_multwidth_dim=\dimen114
\origjot=\skip50
\l_MT_shortvdotswithinadjustabove_dim=\dimen115
\l_MT_shortvdotswithinadjustbelow_dim=\dimen116
\l_MT_above_intertext_sep=\dimen117
\l_MT_below_intertext_sep=\dimen118
\l_MT_above_shortintertext_sep=\dimen119
\l_MT_below_shortintertext_sep=\dimen120
)
(/usr/local/texlive/2018/texmf-dist/tex/latex/pdfpages/pdfpages.sty
Package: pdfpages 2017/10/31 v0.5l Insert pages of external PDF documents (AM)

(/usr/local/texlive/2018/texmf-dist/tex/latex/base/ifthen.sty
Package: ifthen 2014/09/29 v1.1c Standard LaTeX ifthen package (DPC)
)
(/usr/local/texlive/2018/texmf-dist/tex/latex/eso-pic/eso-pic.sty
Package: eso-pic 2018/04/12 v2.0h eso-pic (RN)

(/usr/local/texlive/2018/texmf-dist/tex/generic/oberdiek/atbegshi.sty
Package: atbegshi 2016/06/09 v1.18 At begin shipout hook (HO)

(/usr/local/texlive/2018/texmf-dist/tex/generic/oberdiek/infwarerr.sty
Package: infwarerr 2016/05/16 v1.4 Providing info/warning/error messages (HO)
)
(/usr/local/texlive/2018/texmf-dist/tex/generic/oberdiek/ltxcmds.sty
Package: ltxcmds 2016/05/16 v1.23 LaTeX kernel commands for general use (HO)
)
(/usr/local/texlive/2018/texmf-dist/tex/generic/oberdiek/ifpdf.sty
Package: ifpdf 2018/09/07 v3.3 Provides the ifpdf switch
))
(/usr/local/texlive/2018/texmf-dist/tex/latex/xcolor/xcolor.sty
Package: xcolor 2016/05/11 v2.12 LaTeX color extensions (UK)

(/usr/local/texlive/2018/texmf-dist/tex/latex/graphics-cfg/color.cfg
File: color.cfg 2016/01/02 v1.6 sample color configuration
)
Package xcolor Info: Driver file: pdftex.def on input line 225.

(/usr/local/texlive/2018/texmf-dist/tex/latex/graphics-def/pdftex.def
File: pdftex.def 2018/01/08 v1.0l Graphics/color driver for pdftex
)
Package xcolor Info: Model `cmy' substituted by `cmy0' on input line 1348.
Package xcolor Info: Model `hsb' substituted by `rgb' on input line 1352.
Package xcolor Info: Model `RGB' extended on input line 1364.
Package xcolor Info: Model `HTML' substituted by `rgb' on input line 1366.
Package xcolor Info: Model `Hsb' substituted by `hsb' on input line 1367.
Package xcolor Info: Model `tHsb' substituted by `hsb' on input line 1368.
Package xcolor Info: Model `HSB' substituted by `hsb' on input line 1369.
Package xcolor Info: Model `Gray' substituted by `gray' on input line 1370.
Package xcolor Info: Model `wave' substituted by `hsb' on input line 1371.
))
(/usr/local/texlive/2018/texmf-dist/tex/latex/graphics/graphicx.sty
Package: graphicx 2017/06/01 v1.1a Enhanced LaTeX Graphics (DPC,SPQR)

(/usr/local/texlive/2018/texmf-dist/tex/latex/graphics/graphics.sty
Package: graphics 2017/06/25 v1.2c Standard LaTeX Graphics (DPC,SPQR)

(/usr/local/texlive/2018/texmf-dist/tex/latex/graphics/trig.sty
Package: trig 2016/01/03 v1.10 sin cos tan (DPC)
)
(/usr/local/texlive/2018/texmf-dist/tex/latex/graphics-cfg/graphics.cfg
File: graphics.cfg 2016/06/04 v1.11 sample graphics configuration
)
Package graphics Info: Driver file: pdftex.def on input line 99.
)
\Gin@req@height=\dimen121
\Gin@req@width=\dimen122
)
\AM@pagewidth=\dimen123
\AM@pageheight=\dimen124

(/usr/local/texlive/2018/texmf-dist/tex/latex/pdfpages/pppdftex.def
File: pppdftex.def 2017/10/31 v0.5l Pdfpages driver for pdfTeX (AM)
)
\AM@pagebox=\box28
\AM@global@opts=\toks20
\AM@toc@title=\toks21
\c@AM@survey=\count104
\AM@templatesizebox=\box29
)
(./Praktikumsbericht.aux)
\openout1 = `Praktikumsbericht.aux'.

LaTeX Font Info:    Checking defaults for OML/cmm/m/it on input line 6.
LaTeX Font Info:    ... okay on input line 6.
LaTeX Font Info:    Checking defaults for T1/cmr/m/n on input line 6.
LaTeX Font Info:    ... okay on input line 6.
LaTeX Font Info:    Checking defaults for OT1/cmr/m/n on input line 6.
LaTeX Font Info:    ... okay on input line 6.
LaTeX Font Info:    Checking defaults for OMS/cmsy/m/n on input line 6.
LaTeX Font Info:    ... okay on input line 6.
LaTeX Font Info:    Checking defaults for OMX/cmex/m/n on input line 6.
LaTeX Font Info:    ... okay on input line 6.
LaTeX Font Info:    Checking defaults for U/cmr/m/n on input line 6.
LaTeX Font Info:    ... okay on input line 6.
\AtBeginShipoutBox=\box30

(/usr/local/texlive/2018/texmf-dist/tex/context/base/mkii/supp-pdf.mkii
[Loading MPS to PDF converter (version 2006.09.02).]
\scratchcounter=\count105
\scratchdimen=\dimen125
\scratchbox=\box31
\nofMPsegments=\count106
\nofMParguments=\count107
\everyMPshowfont=\toks22
\MPscratchCnt=\count108
\MPscratchDim=\dimen126
\MPnumerator=\count109
\makeMPintoPDFobject=\count110
\everyMPtoPDFconversion=\toks23
) (/usr/local/texlive/2018/texmf-dist/tex/latex/oberdiek/epstopdf-base.sty
Package: epstopdf-base 2016/05/15 v2.6 Base part for package epstopdf

(/usr/local/texlive/2018/texmf-dist/tex/latex/oberdiek/grfext.sty
Package: grfext 2016/05/16 v1.2 Manage graphics extensions (HO)

(/usr/local/texlive/2018/texmf-dist/tex/generic/oberdiek/kvdefinekeys.sty
Package: kvdefinekeys 2016/05/16 v1.4 Define keys (HO)
))
(/usr/local/texlive/2018/texmf-dist/tex/latex/oberdiek/kvoptions.sty
Package: kvoptions 2016/05/16 v3.12 Key value format for package options (HO)

(/usr/local/texlive/2018/texmf-dist/tex/generic/oberdiek/kvsetkeys.sty
Package: kvsetkeys 2016/05/16 v1.17 Key value parser (HO)

(/usr/local/texlive/2018/texmf-dist/tex/generic/oberdiek/etexcmds.sty
Package: etexcmds 2016/05/16 v1.6 Avoid name clashes with e-TeX commands (HO)

(/usr/local/texlive/2018/texmf-dist/tex/generic/oberdiek/ifluatex.sty
Package: ifluatex 2016/05/16 v1.4 Provides the ifluatex switch (HO)
Package ifluatex Info: LuaTeX not detected.
)
Package etexcmds Info: Could not find \expanded.
(etexcmds)             That can mean that you are not using pdfTeX 1.50 or
(etexcmds)             that some package has redefined \expanded.
(etexcmds)             In the latter case, load this package earlier.
)))
(/usr/local/texlive/2018/texmf-dist/tex/generic/oberdiek/pdftexcmds.sty
Package: pdftexcmds 2018/09/10 v0.29 Utility functions of pdfTeX for LuaTeX (HO
)
Package pdftexcmds Info: LuaTeX not detected.
Package pdftexcmds Info: \pdf@primitive is available.
Package pdftexcmds Info: \pdf@ifprimitive is available.
Package pdftexcmds Info: \pdfdraftmode found.
)
Package epstopdf-base Info: Redefining graphics rule for `.eps' on input line 4
38.
Package grfext Info: Graphics extension search list:
(grfext)             [.pdf,.png,.jpg,.mps,.jpeg,.jbig2,.jb2,.PDF,.PNG,.JPG,.JPE
G,.JBIG2,.JB2,.eps]
(grfext)             \AppendGraphicsExtensions on input line 456.

(/usr/local/texlive/2018/texmf-dist/tex/latex/latexconfig/epstopdf-sys.cfg
File: epstopdf-sys.cfg 2010/07/13 v1.3 Configuration of (r)epstopdf for TeX Liv
e
))
(/usr/local/texlive/2018/texmf-dist/tex/latex/oberdiek/pdflscape.sty
Package: pdflscape 2016/05/14 v0.11 Display of landscape pages in PDF (HO)

(/usr/local/texlive/2018/texmf-dist/tex/latex/graphics/lscape.sty
Package: lscape 2000/10/22 v3.01 Landscape Pages (DPC)
)
Package pdflscape Info: Auto-detected driver: pdftex on input line 81.

(/usr/local/texlive/2018/texmf-dist/tex/generic/ifxetex/ifxetex.sty
Package: ifxetex 2010/09/12 v0.6 Provides ifxetex conditional
)) [1

{/usr/local/texlive/2018/texmf-var/fonts/map/pdftex/updmap/pdftex.map}]
Overfull \hbox (35.85167pt too wide) in paragraph at lines 27--28
\OT1/cmr/m/n/10.95 dieser Aus-druck wird log-a-rith-mis-ches Dekrement($^^C$) g
enannt. Ein weit-erer Ansatz die D^^?ampfungskonstante
 []


Underfull \hbox (badness 10000) in paragraph at lines 34--35

 []


Underfull \hbox (badness 10000) in paragraph at lines 41--42

 []


Underfull \hbox (badness 10000) in paragraph at lines 47--48

 []

[2]
Overfull \hbox (1.73131pt too wide) in paragraph at lines 63--64
[]\OT1/cmr/m/n/10.95 Die bei-den auf ver-schiede-nen We-gen bes-timmten D^^?amp
fungskonstanten liegen sehr nah beieinan-
 []



pdfTeX warning: pdflatex (file ./Frequenzspektrum.pdf): PDF inclusion: found PD
F version <1.7>, but at most version <1.5> allowed
<./Frequenzspektrum.pdf, id=20, 845.07724pt x 597.55246pt>
File: ./Frequenzspektrum.pdf Graphic file (type pdf)
<use ./Frequenzspektrum.pdf>
Package pdftex.def Info: ./Frequenzspektrum.pdf  used on input line 67.
(pdftex.def)             Requested size: 845.07518pt x 597.551pt.


pdfTeX warning: pdflatex (file ./Frequenzspektrum.pdf): PDF inclusion: found PD
F version <1.7>, but at most version <1.5> allowed
File: ./Frequenzspektrum.pdf Graphic file (type pdf)
<use ./Frequenzspektrum.pdf>
Package pdftex.def Info: ./Frequenzspektrum.pdf  used on input line 67.
(pdftex.def)             Requested size: 845.07518pt x 597.551pt.


pdfTeX warning: pdflatex (file ./Frequenzspektrum.pdf): PDF inclusion: found PD
F version <1.7>, but at most version <1.5> allowed


pdfTeX warning: pdflatex (file ./Frequenzspektrum.pdf): PDF inclusion: found PD
F version <1.7>, but at most version <1.5> allowed
<./Frequenzspektrum.pdf, id=23, page=1, 845.07724pt x 597.55246pt>
File: ./Frequenzspektrum.pdf Graphic file (type pdf)
<use ./Frequenzspektrum.pdf, page 1>
Package pdftex.def Info: ./Frequenzspektrum.pdf , page1 used on input line 67.
(pdftex.def)             Requested size: 845.07518pt x 597.551pt.
File: ./Frequenzspektrum.pdf Graphic file (type pdf)
<use ./Frequenzspektrum.pdf, page 1>
Package pdftex.def Info: ./Frequenzspektrum.pdf , page1 used on input line 67.
(pdftex.def)             Requested size: 845.07518pt x 597.551pt.
[3]
File: ./Frequenzspektrum.pdf Graphic file (type pdf)
<use ./Frequenzspektrum.pdf, page 1>
Package pdftex.def Info: ./Frequenzspektrum.pdf , page1 used on input line 67.
(pdftex.def)             Requested size: 845.07518pt x 597.551pt.
File: ./Frequenzspektrum.pdf Graphic file (type pdf)
<use ./Frequenzspektrum.pdf, page 1>
Package pdftex.def Info: ./Frequenzspektrum.pdf , page1 used on input line 67.
(pdftex.def)             Requested size: 845.07518pt x 597.551pt.
File: ./Frequenzspektrum.pdf Graphic file (type pdf)
<use ./Frequenzspektrum.pdf, page 1>
Package pdftex.def Info: ./Frequenzspektrum.pdf , page1 used on input line 67.
(pdftex.def)             Requested size: 845.07518pt x 597.551pt.
 [4 <./Frequenzspektrum.pdf>]

pdfTeX warning: pdflatex (file ./GedaempfteSchwingung.pdf): PDF inclusion: foun
d PDF version <1.7>, but at most version <1.5> allowed
<./GedaempfteSchwingung.pdf, id=41, 845.07724pt x 597.55246pt>
File: ./GedaempfteSchwingung.pdf Graphic file (type pdf)
<use ./GedaempfteSchwingung.pdf>
Package pdftex.def Info: ./GedaempfteSchwingung.pdf  used on input line 68.
(pdftex.def)             Requested size: 845.07518pt x 597.551pt.


pdfTeX warning: pdflatex (file ./GedaempfteSchwingung.pdf): PDF inclusion: foun
d PDF version <1.7>, but at most version <1.5> allowed
File: ./GedaempfteSchwingung.pdf Graphic file (type pdf)
<use ./GedaempfteSchwingung.pdf>
Package pdftex.def Info: ./GedaempfteSchwingung.pdf  used on input line 68.
(pdftex.def)             Requested size: 845.07518pt x 597.551pt.


pdfTeX warning: pdflatex (file ./GedaempfteSchwingung.pdf): PDF inclusion: foun
d PDF version <1.7>, but at most version <1.5> allowed


pdfTeX warning: pdflatex (file ./GedaempfteSchwingung.pdf): PDF inclusion: foun
d PDF version <1.7>, but at most version <1.5> allowed
<./GedaempfteSchwingung.pdf, id=44, page=1, 845.07724pt x 597.55246pt>
File: ./GedaempfteSchwingung.pdf Graphic file (type pdf)
<use ./GedaempfteSchwingung.pdf, page 1>
Package pdftex.def Info: ./GedaempfteSchwingung.pdf , page1 used on input line 
68.
(pdftex.def)             Requested size: 845.07518pt x 597.551pt.
File: ./GedaempfteSchwingung.pdf Graphic file (type pdf)
<use ./GedaempfteSchwingung.pdf, page 1>
Package pdftex.def Info: ./GedaempfteSchwingung.pdf , page1 used on input line 
68.
(pdftex.def)             Requested size: 845.07518pt x 597.551pt.
File: ./GedaempfteSchwingung.pdf Graphic file (type pdf)
<use ./GedaempfteSchwingung.pdf, page 1>
Package pdftex.def Info: ./GedaempfteSchwingung.pdf , page1 used on input line 
68.
(pdftex.def)             Requested size: 845.07518pt x 597.551pt.
File: ./GedaempfteSchwingung.pdf Graphic file (type pdf)
<use ./GedaempfteSchwingung.pdf, page 1>
Package pdftex.def Info: ./GedaempfteSchwingung.pdf , page1 used on input line 
68.
(pdftex.def)             Requested size: 845.07518pt x 597.551pt.
File: ./GedaempfteSchwingung.pdf Graphic file (type pdf)
<use ./GedaempfteSchwingung.pdf, page 1>
Package pdftex.def Info: ./GedaempfteSchwingung.pdf , page1 used on input line 
68.
(pdftex.def)             Requested size: 845.07518pt x 597.551pt.
[5 <./GedaempfteSchwingung.pdf>]
<./Aufbau.pdf, id=61, 597.23125pt x 808.01875pt>
File: ./Aufbau.pdf Graphic file (type pdf)
<use ./Aufbau.pdf>
Package pdftex.def Info: ./Aufbau.pdf  used on input line 69.
(pdftex.def)             Requested size: 597.22978pt x 808.01678pt.
File: ./Aufbau.pdf Graphic file (type pdf)
<use ./Aufbau.pdf>
Package pdftex.def Info: ./Aufbau.pdf  used on input line 69.
(pdftex.def)             Requested size: 597.22978pt x 808.01678pt.
<./Aufbau.pdf, id=64, page=1, 597.23125pt x 808.01875pt>
File: ./Aufbau.pdf Graphic file (type pdf)
<use ./Aufbau.pdf, page 1>
Package pdftex.def Info: ./Aufbau.pdf , page1 used on input line 69.
(pdftex.def)             Requested size: 597.22978pt x 808.01678pt.
File: ./Aufbau.pdf Graphic file (type pdf)
<use ./Aufbau.pdf, page 1>
Package pdftex.def Info: ./Aufbau.pdf , page1 used on input line 69.
(pdftex.def)             Requested size: 587.59734pt x 794.98465pt.
File: ./Aufbau.pdf Graphic file (type pdf)
<use ./Aufbau.pdf, page 1>
Package pdftex.def Info: ./Aufbau.pdf , page1 used on input line 69.
(pdftex.def)             Requested size: 587.59734pt x 794.98465pt.
File: ./Aufbau.pdf Graphic file (type pdf)
<use ./Aufbau.pdf, page 1>
Package pdftex.def Info: ./Aufbau.pdf , page1 used on input line 69.
(pdftex.def)             Requested size: 587.59734pt x 794.98465pt.
File: ./Aufbau.pdf Graphic file (type pdf)
<use ./Aufbau.pdf, page 1>
Package pdftex.def Info: ./Aufbau.pdf , page1 used on input line 69.
(pdftex.def)             Requested size: 587.59734pt x 794.98465pt.
 [6 <./Aufbau.pdf, page is rotated 90 degrees>]
<./Messdaten_Glockenkurve.pdf, id=70, 597.23125pt x 844.15375pt>
File: ./Messdaten_Glockenkurve.pdf Graphic file (type pdf)
<use ./Messdaten_Glockenkurve.pdf>
Package pdftex.def Info: ./Messdaten_Glockenkurve.pdf  used on input line 70.
(pdftex.def)             Requested size: 597.22978pt x 844.15169pt.
File: ./Messdaten_Glockenkurve.pdf Graphic file (type pdf)
<use ./Messdaten_Glockenkurve.pdf>
Package pdftex.def Info: ./Messdaten_Glockenkurve.pdf  used on input line 70.
(pdftex.def)             Requested size: 597.22978pt x 844.15169pt.
<./Messdaten_Glockenkurve.pdf, id=73, page=1, 597.23125pt x 844.15375pt>
File: ./Messdaten_Glockenkurve.pdf Graphic file (type pdf)
<use ./Messdaten_Glockenkurve.pdf, page 1>
Package pdftex.def Info: ./Messdaten_Glockenkurve.pdf , page1 used on input lin
e 70.
(pdftex.def)             Requested size: 597.22978pt x 844.15169pt.
File: ./Messdaten_Glockenkurve.pdf Graphic file (type pdf)
<use ./Messdaten_Glockenkurve.pdf, page 1>
Package pdftex.def Info: ./Messdaten_Glockenkurve.pdf , page1 used on input lin
e 70.
(pdftex.def)             Requested size: 597.22978pt x 844.15169pt.
File: ./Messdaten_Glockenkurve.pdf Graphic file (type pdf)
<use ./Messdaten_Glockenkurve.pdf, page 1>
Package pdftex.def Info: ./Messdaten_Glockenkurve.pdf , page1 used on input lin
e 70.
(pdftex.def)             Requested size: 597.22978pt x 844.15169pt.
File: ./Messdaten_Glockenkurve.pdf Graphic file (type pdf)
<use ./Messdaten_Glockenkurve.pdf, page 1>
Package pdftex.def Info: ./Messdaten_Glockenkurve.pdf , page1 used on input lin
e 70.
(pdftex.def)             Requested size: 597.22978pt x 844.15169pt.
File: ./Messdaten_Glockenkurve.pdf Graphic file (type pdf)
<use ./Messdaten_Glockenkurve.pdf, page 1>
Package pdftex.def Info: ./Messdaten_Glockenkurve.pdf , page1 used on input lin
e 70.
(pdftex.def)             Requested size: 597.22978pt x 844.15169pt.
[7 <./Messdaten_Glockenkurve.pdf>] (./Praktikumsbericht.aux) ) 
Here is how much of TeX's memory you used:
 3887 strings out of 492639
 57129 string characters out of 6129301
 135501 words of memory out of 5000000
 7710 multiletter control sequences out of 15000+600000
 9395 words of font info for 34 fonts, out of 8000000 for 9000
 1141 hyphenation exceptions out of 8191
 41i,20n,48p,1432b,442s stack positions out of 5000i,500n,10000p,200000b,80000s
</usr/local/texli
ve/2018/texmf-dist/fonts/type1/public/amsfonts/cm/cmbx12.pfb></usr/local/texliv
e/2018/texmf-dist/fonts/type1/public/amsfonts/cm/cmcsc10.pfb></usr/local/texliv
e/2018/texmf-dist/fonts/type1/public/amsfonts/cm/cmex10.pfb></usr/local/texlive
/2018/texmf-dist/fonts/type1/public/amsfonts/cm/cmmi10.pfb></usr/local/texlive/
2018/texmf-dist/fonts/type1/public/amsfonts/cm/cmmi8.pfb></usr/local/texlive/20
18/texmf-dist/fonts/type1/public/amsfonts/cm/cmr10.pfb></usr/local/texlive/2018
/texmf-dist/fonts/type1/public/amsfonts/cm/cmr12.pfb></usr/local/texlive/2018/t
exmf-dist/fonts/type1/public/amsfonts/cm/cmr17.pfb></usr/local/texlive/2018/tex
mf-dist/fonts/type1/public/amsfonts/cm/cmr8.pfb></usr/local/texlive/2018/texmf-
dist/fonts/type1/public/amsfonts/cm/cmsy10.pfb></usr/local/texlive/2018/texmf-d
ist/fonts/type1/public/amsfonts/cm/cmsy8.pfb>
Output written on Praktikumsbericht.pdf (7 pages, 2941136 bytes).
PDF statistics:
 116 PDF objects out of 1000 (max. 8388607)
 67 compressed objects within 1 object stream
 0 named destinations out of 1000 (max. 500000)
 81 words of extra memory for PDF output out of 10000 (max. 10000000)

