This is pdfTeX, Version 3.14159265-2.6-1.40.20 (TeX Live 2019) (preloaded format=latex 2019.6.2)  4 JUL 2019 15:14
entering extended mode
 restricted \write18 enabled.
 %&-line parsing enabled.
**file.tex
(/usr/local/texlive/2019/texmf-dist/tex/latex/tools/q.tex
! Interruption.
<to be read again> 
                   \begingroup 
l.1 
    %%
? x
 
Here is how much of TeX's memory you used:
 6 strings out of 492610
 254 string characters out of 6129075
 57158 words of memory out of 5000000
 4026 multiletter control sequences out of 15000+600000
 3640 words of font info for 14 fonts, out of 8000000 for 9000
 1141 hyphenation exceptions out of 8191
 3i,0n,1p,15b,6s stack positions out of 5000i,500n,10000p,200000b,80000s
No pages of output.
